#
# A fatal error has been detected by the Java Runtime Environment:
#
#  EXCEPTION_ACCESS_VIOLATION (0xc0000005) at pc=0x000000007110b5db, pid=28164, tid=6080
#
# JRE version: OpenJDK Runtime Environment Temurin-17.0.5+8 (17.0.5+8) (build 17.0.5+8)
# Java VM: OpenJDK 64-Bit Server VM Temurin-17.0.5+8 (17.0.5+8, mixed mode, sharing, tiered, compressed oops, compressed class ptrs, g1 gc, windows-amd64)
# Problematic frame:
# C  [jSSC-2.8_x86_64.dll+0xb5db]
#
# No core dump will be written. Minidumps are not enabled by default on client versions of Windows
#
# If you would like to submit a bug report, please visit:
#   https://github.com/adoptium/adoptium-support/issues
# The crash happened outside the Java Virtual Machine in native code.
# See problematic frame for where to report the bug.
#

---------------  S U M M A R Y ------------

Command Line: -XX:+ShowCodeDetailsInExceptionMessages com.option16.App

Host: 11th Gen Intel(R) Core(TM) i5-1135G7 @ 2.40GHz, 8 cores, 11G,  Windows 11 , 64 bit Build 22621 (10.0.22621.1194)
Time: Thu Apr  6 19:46:40 2023 Pacific Daylight Time elapsed time: 0.143932 seconds (0d 0h 0m 0s)

---------------  T H R E A D  ---------------

Current thread (0x000001ed268e94b0):  JavaThread "main" [_thread_in_native, id=6080, stack(0x00000081fb200000,0x00000081fb300000)]

Stack: [0x00000081fb200000,0x00000081fb300000],  sp=0x00000081fb2fecf0,  free space=1019k
Native frames: (J=compiled Java code, j=interpreted, Vv=VM code, C=native code)
C  [jSSC-2.8_x86_64.dll+0xb5db]

Java frames: (J=compiled Java code, j=interpreted, Vv=VM code)
j  jssc.SerialNativeInterface.openPort(Ljava/lang/String;Z)J+0
j  jssc.SerialPort.openPort()Z+65
j  org.firmata4j.transport.SerialTransport.start()V+14
j  org.firmata4j.firmata.FirmataDevice.start()V+24
j  com.option16.App.main([Ljava/lang/String;)V+19
v  ~StubRoutines::call_stub

siginfo: EXCEPTION_ACCESS_VIOLATION (0xc0000005), reading address 0x00000000248c1dfd


Register to memory mapping:

RIP=0x000000007110b5db jSSC-2.8_x86_64.dll
RAX=0x00000000248c1dfd is an unknown value
RBX=0x00000081fb2fed60 is pointing into the stack for thread: 0x000001ed268e94b0
RCX=0x00007ffb19c4efe4 ntdll.dll
RDX=0x0 is NULL
RSP=0x00000081fb2fecf0 is pointing into the stack for thread: 0x000001ed268e94b0
RBP=0x00000081fb2fee70 is pointing into the stack for thread: 0x000001ed268e94b0
RSI=0x000001ed268e9758 points into unknown readable memory: 0x00007ffa940ed7d0 | d0 d7 0e 94 fa 7f 00 00
RDI=0x0000000000000468 is an unknown value
R8 =0x00000081fb2febe8 is pointing into the stack for thread: 0x000001ed268e94b0
R9 =0x0 is NULL
R10=0x0 is NULL
R11=0x0000000000000246 is an unknown value
R12=0x00000081fb2fef28 is pointing into the stack for thread: 0x000001ed268e94b0
R13=0x000001ed246429c0 points into unknown readable memory: 0x0000000800000000 | 00 00 00 00 08 00 00 00
R14=0x00000081fb2fee20 is pointing into the stack for thread: 0x000001ed268e94b0
R15=0x000001ed268e94b0 is a thread


Registers:
RAX=0x00000000248c1dfd, RBX=0x00000081fb2fed60, RCX=0x00007ffb19c4efe4, RDX=0x0000000000000000
RSP=0x00000081fb2fecf0, RBP=0x00000081fb2fee70, RSI=0x000001ed268e9758, RDI=0x0000000000000468
R8 =0x00000081fb2febe8, R9 =0x0000000000000000, R10=0x0000000000000000, R11=0x0000000000000246
R12=0x00000081fb2fef28, R13=0x000001ed246429c0, R14=0x00000081fb2fee20, R15=0x000001ed268e94b0
RIP=0x000000007110b5db, EFLAGS=0x0000000000010202

Top of Stack: (sp=0x00000081fb2fecf0)
0x00000081fb2fecf0:   0000000000000000 0000000000000000
0x00000081fb2fed00:   000000007110b230 00007ffa93c60f4f
0x00000081fb2fed10:   000001ed268e94b0 0000000000000004
0x00000081fb2fed20:   000001ed268e9758 0000000000000468
0x00000081fb2fed30:   00000081fb2fee70 0000000071112590
0x00000081fb2fed40:   000001ed246429b0 000001ed24630000
0x00000081fb2fed50:   00000081fb2fee70 0000000000000000
0x00000081fb2fed60:   0000000000000000 000001ed246429c0
0x00000081fb2fed70:   0000000000000468 00007ffb170a37eb
0x00000081fb2fed80:   000001ed246429c0 000001ed268e9758
0x00000081fb2fed90:   0000000071113500 0000000071113be8
0x00000081fb2feda0:   00000081fb2fedd0 0000000071112641
0x00000081fb2fedb0:   00000081fb2fed40 0000000000000000
0x00000081fb2fedc0:   0000000000000000 0000000000000000
0x00000081fb2fedd0:   00000081fb2fee70 0000000071101595
0x00000081fb2fede0:   000000000000001c 00000081fb2fee30 

Instructions: (pc=0x000000007110b5db)
0x000000007110b4db:   48 85 c0 74 bf 44 8b 03 45 85 c0 0f 84 77 ff ff
0x000000007110b4eb:   ff eb 9f 66 90 e8 8b fe ff ff 48 89 05 0c 34 01
0x000000007110b4fb:   00 eb ad 66 90 e8 7b fe ff ff 48 89 05 fc 33 01
0x000000007110b50b:   00 eb 8b e8 8d fe ff ff c7 03 01 00 00 00 e9 6f
0x000000007110b51b:   ff ff ff 66 90 55 48 89 e5 56 53 48 83 ec 20 48
0x000000007110b52b:   8b 05 d7 33 01 00 48 8b 31 48 89 cb 48 85 c0 74
0x000000007110b53b:   56 44 8b 18 45 85 db 78 42 48 8b 05 bd 33 01 00
0x000000007110b54b:   48 85 c0 74 50 44 8b 10 45 85 d2 74 1d 48 89 f1
0x000000007110b55b:   e8 d0 fd ff ff 48 8b 13 48 8d 42 40 48 8b 48 08
0x000000007110b56b:   48 8b 6a 40 48 8b 60 10 ff e1 48 8b 05 9c 33 01
0x000000007110b57b:   00 48 85 c0 74 2d 48 89 30 eb da e8 b5 fe ff ff
0x000000007110b58b:   0f 1f 44 00 00 eb b2 e8 e9 fd ff ff 48 89 05 6a
0x000000007110b59b:   33 01 00 eb 9c e8 db fd ff ff 48 89 05 5c 33 01
0x000000007110b5ab:   00 eb a2 e8 3d fd ff ff 48 89 05 5e 33 01 00 eb
0x000000007110b5bb:   c5 0f 1f 40 00 55 57 56 53 48 83 ec 28 48 8b 05
0x000000007110b5cb:   39 33 01 00 48 89 cb 48 85 c0 0f 84 c5 00 00 00
0x000000007110b5db:   8b 38 85 ff 0f 88 ab 00 00 00 48 8b 05 1c 33 01
0x000000007110b5eb:   00 48 85 c0 0f 84 bc 00 00 00 8b 30 85 f6 74 57
0x000000007110b5fb:   48 8b 05 0e 33 01 00 48 85 c0 0f 84 e5 00 00 00
0x000000007110b60b:   8b 28 48 8b 35 10 5e 01 00 ff d6 89 c7 89 e9 ff
0x000000007110b61b:   15 f4 5e 01 00 89 f9 48 89 c5 ff 15 b9 5e 01 00
0x000000007110b62b:   48 8b 05 de 32 01 00 48 89 2b 48 85 c0 74 46 48
0x000000007110b63b:   89 da 8b 08 ff 15 d7 5e 01 00 85 c0 74 27 48 83
0x000000007110b64b:   c4 28 5b 5e 5f 5d c3 48 8b 05 bf 32 01 00 48 85
0x000000007110b65b:   c0 74 64 48 8b 10 48 89 13 48 89 18 48 83 c4 28
0x000000007110b66b:   5b 5e 5f 5d c3 48 89 f2 48 83 c4 28 5b 5e 5f 5d
0x000000007110b67b:   48 ff e2 66 90 e8 8b fc ff ff 48 89 05 84 32 01
0x000000007110b68b:   00 eb ac 66 90 e8 ab fd ff ff e9 4b ff ff ff 66
0x000000007110b69b:   0f 1f 44 00 00 e8 db fc ff ff 48 89 05 5c 32 01
0x000000007110b6ab:   00 e9 2a ff ff ff e8 ca fc ff ff 48 89 05 4b 32
0x000000007110b6bb:   01 00 e9 33 ff ff ff e8 29 fc ff ff 48 89 05 4a
0x000000007110b6cb:   32 01 00 48 8b 10 48 85 c0 48 89 13 75 8b e8 12 


Stack slot to memory mapping:
stack at sp + 0 slots: 0x0 is NULL
stack at sp + 1 slots: 0x0 is NULL
stack at sp + 2 slots: 0x000000007110b230 jSSC-2.8_x86_64.dll
stack at sp + 3 slots: 0x00007ffa93c60f4f jvm.dll
stack at sp + 4 slots: 0x000001ed268e94b0 is a thread
stack at sp + 5 slots: 0x0000000000000004 is an unknown value
stack at sp + 6 slots: 0x000001ed268e9758 points into unknown readable memory: 0x00007ffa940ed7d0 | d0 d7 0e 94 fa 7f 00 00
stack at sp + 7 slots: 0x0000000000000468 is an unknown value


---------------  P R O C E S S  ---------------

Threads class SMR info:
_java_thread_list=0x000001ed47dc1550, length=13, elements={
0x000001ed268e94b0, 0x000001ed4717f190, 0x000001ed4717fb40, 0x000001ed47195f60,
0x000001ed47196910, 0x000001ed471972c0, 0x000001ed47198c80, 0x000001ed471b9970,
0x000001ed471be380, 0x000001ed471c0ca0, 0x000001ed47d22c50, 0x000001ed47d2ab40,
0x000001ed47d9a810
}

Java Threads: ( => current thread )
=>0x000001ed268e94b0 JavaThread "main" [_thread_in_native, id=6080, stack(0x00000081fb200000,0x00000081fb300000)]
  0x000001ed4717f190 JavaThread "Reference Handler" daemon [_thread_blocked, id=3812, stack(0x00000081fb900000,0x00000081fba00000)]
  0x000001ed4717fb40 JavaThread "Finalizer" daemon [_thread_blocked, id=15624, stack(0x00000081fba00000,0x00000081fbb00000)]
  0x000001ed47195f60 JavaThread "Signal Dispatcher" daemon [_thread_blocked, id=21768, stack(0x00000081fbb00000,0x00000081fbc00000)]
  0x000001ed47196910 JavaThread "Attach Listener" daemon [_thread_blocked, id=27676, stack(0x00000081fbc00000,0x00000081fbd00000)]
  0x000001ed471972c0 JavaThread "Service Thread" daemon [_thread_blocked, id=7240, stack(0x00000081fbd00000,0x00000081fbe00000)]
  0x000001ed47198c80 JavaThread "Monitor Deflation Thread" daemon [_thread_blocked, id=9008, stack(0x00000081fbe00000,0x00000081fbf00000)]
  0x000001ed471b9970 JavaThread "C2 CompilerThread0" daemon [_thread_blocked, id=15064, stack(0x00000081fbf00000,0x00000081fc000000)]
  0x000001ed471be380 JavaThread "C1 CompilerThread0" daemon [_thread_blocked, id=26804, stack(0x00000081fc000000,0x00000081fc100000)]
  0x000001ed471c0ca0 JavaThread "Sweeper thread" daemon [_thread_blocked, id=26492, stack(0x00000081fc100000,0x00000081fc200000)]
  0x000001ed47d22c50 JavaThread "Notification Thread" daemon [_thread_blocked, id=25964, stack(0x00000081fc200000,0x00000081fc300000)]
  0x000001ed47d2ab40 JavaThread "Common-Cleaner" daemon [_thread_blocked, id=21680, stack(0x00000081fc400000,0x00000081fc500000)]
  0x000001ed47d9a810 JavaThread "firmata-parser-thread" daemon [_thread_blocked, id=9280, stack(0x00000081fc500000,0x00000081fc600000)]

Other Threads:
  0x000001ed4717b7f0 VMThread "VM Thread" [stack: 0x00000081fb800000,0x00000081fb900000] [id=28804]
  0x000001ed26961550 WatcherThread [stack: 0x00000081fc300000,0x00000081fc400000] [id=2944]
  0x000001ed26944030 GCTaskThread "GC Thread#0" [stack: 0x00000081fb300000,0x00000081fb400000] [id=28196]
  0x000001ed26950ca0 ConcurrentGCThread "G1 Main Marker" [stack: 0x00000081fb400000,0x00000081fb500000] [id=28020]
  0x000001ed269525c0 ConcurrentGCThread "G1 Conc#0" [stack: 0x00000081fb500000,0x00000081fb600000] [id=3964]
  0x000001ed269a6560 ConcurrentGCThread "G1 Refine#0" [stack: 0x00000081fb600000,0x00000081fb700000] [id=26372]
  0x000001ed470430d0 ConcurrentGCThread "G1 Service" [stack: 0x00000081fb700000,0x00000081fb800000] [id=11144]

Threads with active compile tasks:

VM state: not at safepoint (normal execution)

VM Mutex/Monitor currently owned by a thread: None

Heap address: 0x0000000743200000, size: 3022 MB, Compressed Oops mode: Zero based, Oop shift amount: 3

CDS archive(s) mapped at: [0x0000000800000000-0x0000000800bc0000-0x0000000800bc0000), size 12320768, SharedBaseAddress: 0x0000000800000000, ArchiveRelocationMode: 0.
Compressed class space mapped at: 0x0000000800c00000-0x0000000840c00000, reserved size: 1073741824
Narrow klass base: 0x0000000800000000, Narrow klass shift: 0, Narrow klass range: 0x100000000

GC Precious Log:
 CPUs: 8 total, 8 available
 Memory: 12087M
 Large Page Support: Disabled
 NUMA Support: Disabled
 Compressed Oops: Enabled (Zero based)
 Heap Region Size: 2M
 Heap Min Capacity: 8M
 Heap Initial Capacity: 190M
 Heap Max Capacity: 3022M
 Pre-touch: Disabled
 Parallel Workers: 8
 Concurrent Workers: 2
 Concurrent Refinement Workers: 8
 Periodic GC: Disabled

Heap:
 garbage-first heap   total 194560K, used 2048K [0x0000000743200000, 0x0000000800000000)
  region size 2048K, 2 young (4096K), 0 survivors (0K)
 Metaspace       used 1118K, committed 1280K, reserved 1056768K
  class space    used 113K, committed 192K, reserved 1048576K

Heap Regions: E=young(eden), S=young(survivor), O=old, HS=humongous(starts), HC=humongous(continues), CS=collection set, F=free, OA=open archive, CA=closed archive, TAMS=top-at-mark-start (previous, next)
|   0|0x0000000743200000, 0x0000000743200000, 0x0000000743400000|  0%| F|  |TAMS 0x0000000743200000, 0x0000000743200000| Untracked 
|   1|0x0000000743400000, 0x0000000743400000, 0x0000000743600000|  0%| F|  |TAMS 0x0000000743400000, 0x0000000743400000| Untracked 
|   2|0x0000000743600000, 0x0000000743600000, 0x0000000743800000|  0%| F|  |TAMS 0x0000000743600000, 0x0000000743600000| Untracked 
|   3|0x0000000743800000, 0x0000000743800000, 0x0000000743a00000|  0%| F|  |TAMS 0x0000000743800000, 0x0000000743800000| Untracked 
|   4|0x0000000743a00000, 0x0000000743a00000, 0x0000000743c00000|  0%| F|  |TAMS 0x0000000743a00000, 0x0000000743a00000| Untracked 
|   5|0x0000000743c00000, 0x0000000743c00000, 0x0000000743e00000|  0%| F|  |TAMS 0x0000000743c00000, 0x0000000743c00000| Untracked 
|   6|0x0000000743e00000, 0x0000000743e00000, 0x0000000744000000|  0%| F|  |TAMS 0x0000000743e00000, 0x0000000743e00000| Untracked 
|   7|0x0000000744000000, 0x0000000744000000, 0x0000000744200000|  0%| F|  |TAMS 0x0000000744000000, 0x0000000744000000| Untracked 
|   8|0x0000000744200000, 0x0000000744200000, 0x0000000744400000|  0%| F|  |TAMS 0x0000000744200000, 0x0000000744200000| Untracked 
|   9|0x0000000744400000, 0x0000000744400000, 0x0000000744600000|  0%| F|  |TAMS 0x0000000744400000, 0x0000000744400000| Untracked 
|  10|0x0000000744600000, 0x0000000744600000, 0x0000000744800000|  0%| F|  |TAMS 0x0000000744600000, 0x0000000744600000| Untracked 
|  11|0x0000000744800000, 0x0000000744800000, 0x0000000744a00000|  0%| F|  |TAMS 0x0000000744800000, 0x0000000744800000| Untracked 
|  12|0x0000000744a00000, 0x0000000744a00000, 0x0000000744c00000|  0%| F|  |TAMS 0x0000000744a00000, 0x0000000744a00000| Untracked 
|  13|0x0000000744c00000, 0x0000000744c00000, 0x0000000744e00000|  0%| F|  |TAMS 0x0000000744c00000, 0x0000000744c00000| Untracked 
|  14|0x0000000744e00000, 0x0000000744e00000, 0x0000000745000000|  0%| F|  |TAMS 0x0000000744e00000, 0x0000000744e00000| Untracked 
|  15|0x0000000745000000, 0x0000000745000000, 0x0000000745200000|  0%| F|  |TAMS 0x0000000745000000, 0x0000000745000000| Untracked 
|  16|0x0000000745200000, 0x0000000745200000, 0x0000000745400000|  0%| F|  |TAMS 0x0000000745200000, 0x0000000745200000| Untracked 
|  17|0x0000000745400000, 0x0000000745400000, 0x0000000745600000|  0%| F|  |TAMS 0x0000000745400000, 0x0000000745400000| Untracked 
|  18|0x0000000745600000, 0x0000000745600000, 0x0000000745800000|  0%| F|  |TAMS 0x0000000745600000, 0x0000000745600000| Untracked 
|  19|0x0000000745800000, 0x0000000745800000, 0x0000000745a00000|  0%| F|  |TAMS 0x0000000745800000, 0x0000000745800000| Untracked 
|  20|0x0000000745a00000, 0x0000000745a00000, 0x0000000745c00000|  0%| F|  |TAMS 0x0000000745a00000, 0x0000000745a00000| Untracked 
|  21|0x0000000745c00000, 0x0000000745c00000, 0x0000000745e00000|  0%| F|  |TAMS 0x0000000745c00000, 0x0000000745c00000| Untracked 
|  22|0x0000000745e00000, 0x0000000745e00000, 0x0000000746000000|  0%| F|  |TAMS 0x0000000745e00000, 0x0000000745e00000| Untracked 
|  23|0x0000000746000000, 0x0000000746000000, 0x0000000746200000|  0%| F|  |TAMS 0x0000000746000000, 0x0000000746000000| Untracked 
|  24|0x0000000746200000, 0x0000000746200000, 0x0000000746400000|  0%| F|  |TAMS 0x0000000746200000, 0x0000000746200000| Untracked 
|  25|0x0000000746400000, 0x0000000746400000, 0x0000000746600000|  0%| F|  |TAMS 0x0000000746400000, 0x0000000746400000| Untracked 
|  26|0x0000000746600000, 0x0000000746600000, 0x0000000746800000|  0%| F|  |TAMS 0x0000000746600000, 0x0000000746600000| Untracked 
|  27|0x0000000746800000, 0x0000000746800000, 0x0000000746a00000|  0%| F|  |TAMS 0x0000000746800000, 0x0000000746800000| Untracked 
|  28|0x0000000746a00000, 0x0000000746a00000, 0x0000000746c00000|  0%| F|  |TAMS 0x0000000746a00000, 0x0000000746a00000| Untracked 
|  29|0x0000000746c00000, 0x0000000746c00000, 0x0000000746e00000|  0%| F|  |TAMS 0x0000000746c00000, 0x0000000746c00000| Untracked 
|  30|0x0000000746e00000, 0x0000000746e00000, 0x0000000747000000|  0%| F|  |TAMS 0x0000000746e00000, 0x0000000746e00000| Untracked 
|  31|0x0000000747000000, 0x0000000747000000, 0x0000000747200000|  0%| F|  |TAMS 0x0000000747000000, 0x0000000747000000| Untracked 
|  32|0x0000000747200000, 0x0000000747200000, 0x0000000747400000|  0%| F|  |TAMS 0x0000000747200000, 0x0000000747200000| Untracked 
|  33|0x0000000747400000, 0x0000000747400000, 0x0000000747600000|  0%| F|  |TAMS 0x0000000747400000, 0x0000000747400000| Untracked 
|  34|0x0000000747600000, 0x0000000747600000, 0x0000000747800000|  0%| F|  |TAMS 0x0000000747600000, 0x0000000747600000| Untracked 
|  35|0x0000000747800000, 0x0000000747800000, 0x0000000747a00000|  0%| F|  |TAMS 0x0000000747800000, 0x0000000747800000| Untracked 
|  36|0x0000000747a00000, 0x0000000747a00000, 0x0000000747c00000|  0%| F|  |TAMS 0x0000000747a00000, 0x0000000747a00000| Untracked 
|  37|0x0000000747c00000, 0x0000000747c00000, 0x0000000747e00000|  0%| F|  |TAMS 0x0000000747c00000, 0x0000000747c00000| Untracked 
|  38|0x0000000747e00000, 0x0000000747e00000, 0x0000000748000000|  0%| F|  |TAMS 0x0000000747e00000, 0x0000000747e00000| Untracked 
|  39|0x0000000748000000, 0x0000000748000000, 0x0000000748200000|  0%| F|  |TAMS 0x0000000748000000, 0x0000000748000000| Untracked 
|  40|0x0000000748200000, 0x0000000748200000, 0x0000000748400000|  0%| F|  |TAMS 0x0000000748200000, 0x0000000748200000| Untracked 
|  41|0x0000000748400000, 0x0000000748400000, 0x0000000748600000|  0%| F|  |TAMS 0x0000000748400000, 0x0000000748400000| Untracked 
|  42|0x0000000748600000, 0x0000000748600000, 0x0000000748800000|  0%| F|  |TAMS 0x0000000748600000, 0x0000000748600000| Untracked 
|  43|0x0000000748800000, 0x0000000748800000, 0x0000000748a00000|  0%| F|  |TAMS 0x0000000748800000, 0x0000000748800000| Untracked 
|  44|0x0000000748a00000, 0x0000000748a00000, 0x0000000748c00000|  0%| F|  |TAMS 0x0000000748a00000, 0x0000000748a00000| Untracked 
|  45|0x0000000748c00000, 0x0000000748c00000, 0x0000000748e00000|  0%| F|  |TAMS 0x0000000748c00000, 0x0000000748c00000| Untracked 
|  46|0x0000000748e00000, 0x0000000748e00000, 0x0000000749000000|  0%| F|  |TAMS 0x0000000748e00000, 0x0000000748e00000| Untracked 
|  47|0x0000000749000000, 0x0000000749000000, 0x0000000749200000|  0%| F|  |TAMS 0x0000000749000000, 0x0000000749000000| Untracked 
|  48|0x0000000749200000, 0x0000000749200000, 0x0000000749400000|  0%| F|  |TAMS 0x0000000749200000, 0x0000000749200000| Untracked 
|  49|0x0000000749400000, 0x0000000749400000, 0x0000000749600000|  0%| F|  |TAMS 0x0000000749400000, 0x0000000749400000| Untracked 
|  50|0x0000000749600000, 0x0000000749600000, 0x0000000749800000|  0%| F|  |TAMS 0x0000000749600000, 0x0000000749600000| Untracked 
|  51|0x0000000749800000, 0x0000000749800000, 0x0000000749a00000|  0%| F|  |TAMS 0x0000000749800000, 0x0000000749800000| Untracked 
|  52|0x0000000749a00000, 0x0000000749a00000, 0x0000000749c00000|  0%| F|  |TAMS 0x0000000749a00000, 0x0000000749a00000| Untracked 
|  53|0x0000000749c00000, 0x0000000749c00000, 0x0000000749e00000|  0%| F|  |TAMS 0x0000000749c00000, 0x0000000749c00000| Untracked 
|  54|0x0000000749e00000, 0x0000000749e00000, 0x000000074a000000|  0%| F|  |TAMS 0x0000000749e00000, 0x0000000749e00000| Untracked 
|  55|0x000000074a000000, 0x000000074a000000, 0x000000074a200000|  0%| F|  |TAMS 0x000000074a000000, 0x000000074a000000| Untracked 
|  56|0x000000074a200000, 0x000000074a200000, 0x000000074a400000|  0%| F|  |TAMS 0x000000074a200000, 0x000000074a200000| Untracked 
|  57|0x000000074a400000, 0x000000074a400000, 0x000000074a600000|  0%| F|  |TAMS 0x000000074a400000, 0x000000074a400000| Untracked 
|  58|0x000000074a600000, 0x000000074a600000, 0x000000074a800000|  0%| F|  |TAMS 0x000000074a600000, 0x000000074a600000| Untracked 
|  59|0x000000074a800000, 0x000000074a800000, 0x000000074aa00000|  0%| F|  |TAMS 0x000000074a800000, 0x000000074a800000| Untracked 
|  60|0x000000074aa00000, 0x000000074aa00000, 0x000000074ac00000|  0%| F|  |TAMS 0x000000074aa00000, 0x000000074aa00000| Untracked 
|  61|0x000000074ac00000, 0x000000074ac00000, 0x000000074ae00000|  0%| F|  |TAMS 0x000000074ac00000, 0x000000074ac00000| Untracked 
|  62|0x000000074ae00000, 0x000000074ae00000, 0x000000074b000000|  0%| F|  |TAMS 0x000000074ae00000, 0x000000074ae00000| Untracked 
|  63|0x000000074b000000, 0x000000074b000000, 0x000000074b200000|  0%| F|  |TAMS 0x000000074b000000, 0x000000074b000000| Untracked 
|  64|0x000000074b200000, 0x000000074b200000, 0x000000074b400000|  0%| F|  |TAMS 0x000000074b200000, 0x000000074b200000| Untracked 
|  65|0x000000074b400000, 0x000000074b400000, 0x000000074b600000|  0%| F|  |TAMS 0x000000074b400000, 0x000000074b400000| Untracked 
|  66|0x000000074b600000, 0x000000074b600000, 0x000000074b800000|  0%| F|  |TAMS 0x000000074b600000, 0x000000074b600000| Untracked 
|  67|0x000000074b800000, 0x000000074b800000, 0x000000074ba00000|  0%| F|  |TAMS 0x000000074b800000, 0x000000074b800000| Untracked 
|  68|0x000000074ba00000, 0x000000074ba00000, 0x000000074bc00000|  0%| F|  |TAMS 0x000000074ba00000, 0x000000074ba00000| Untracked 
|  69|0x000000074bc00000, 0x000000074bc00000, 0x000000074be00000|  0%| F|  |TAMS 0x000000074bc00000, 0x000000074bc00000| Untracked 
|  70|0x000000074be00000, 0x000000074be00000, 0x000000074c000000|  0%| F|  |TAMS 0x000000074be00000, 0x000000074be00000| Untracked 
|  71|0x000000074c000000, 0x000000074c000000, 0x000000074c200000|  0%| F|  |TAMS 0x000000074c000000, 0x000000074c000000| Untracked 
|  72|0x000000074c200000, 0x000000074c200000, 0x000000074c400000|  0%| F|  |TAMS 0x000000074c200000, 0x000000074c200000| Untracked 
|  73|0x000000074c400000, 0x000000074c400000, 0x000000074c600000|  0%| F|  |TAMS 0x000000074c400000, 0x000000074c400000| Untracked 
|  74|0x000000074c600000, 0x000000074c600000, 0x000000074c800000|  0%| F|  |TAMS 0x000000074c600000, 0x000000074c600000| Untracked 
|  75|0x000000074c800000, 0x000000074c800000, 0x000000074ca00000|  0%| F|  |TAMS 0x000000074c800000, 0x000000074c800000| Untracked 
|  76|0x000000074ca00000, 0x000000074ca00000, 0x000000074cc00000|  0%| F|  |TAMS 0x000000074ca00000, 0x000000074ca00000| Untracked 
|  77|0x000000074cc00000, 0x000000074cc00000, 0x000000074ce00000|  0%| F|  |TAMS 0x000000074cc00000, 0x000000074cc00000| Untracked 
|  78|0x000000074ce00000, 0x000000074ce00000, 0x000000074d000000|  0%| F|  |TAMS 0x000000074ce00000, 0x000000074ce00000| Untracked 
|  79|0x000000074d000000, 0x000000074d000000, 0x000000074d200000|  0%| F|  |TAMS 0x000000074d000000, 0x000000074d000000| Untracked 
|  80|0x000000074d200000, 0x000000074d200000, 0x000000074d400000|  0%| F|  |TAMS 0x000000074d200000, 0x000000074d200000| Untracked 
|  81|0x000000074d400000, 0x000000074d400000, 0x000000074d600000|  0%| F|  |TAMS 0x000000074d400000, 0x000000074d400000| Untracked 
|  82|0x000000074d600000, 0x000000074d600000, 0x000000074d800000|  0%| F|  |TAMS 0x000000074d600000, 0x000000074d600000| Untracked 
|  83|0x000000074d800000, 0x000000074d800000, 0x000000074da00000|  0%| F|  |TAMS 0x000000074d800000, 0x000000074d800000| Untracked 
|  84|0x000000074da00000, 0x000000074da00000, 0x000000074dc00000|  0%| F|  |TAMS 0x000000074da00000, 0x000000074da00000| Untracked 
|  85|0x000000074dc00000, 0x000000074dc00000, 0x000000074de00000|  0%| F|  |TAMS 0x000000074dc00000, 0x000000074dc00000| Untracked 
|  86|0x000000074de00000, 0x000000074de00000, 0x000000074e000000|  0%| F|  |TAMS 0x000000074de00000, 0x000000074de00000| Untracked 
|  87|0x000000074e000000, 0x000000074e000000, 0x000000074e200000|  0%| F|  |TAMS 0x000000074e000000, 0x000000074e000000| Untracked 
|  88|0x000000074e200000, 0x000000074e200000, 0x000000074e400000|  0%| F|  |TAMS 0x000000074e200000, 0x000000074e200000| Untracked 
|  89|0x000000074e400000, 0x000000074e400000, 0x000000074e600000|  0%| F|  |TAMS 0x000000074e400000, 0x000000074e400000| Untracked 
|  90|0x000000074e600000, 0x000000074e600000, 0x000000074e800000|  0%| F|  |TAMS 0x000000074e600000, 0x000000074e600000| Untracked 
|  91|0x000000074e800000, 0x000000074e800000, 0x000000074ea00000|  0%| F|  |TAMS 0x000000074e800000, 0x000000074e800000| Untracked 
|  92|0x000000074ea00000, 0x000000074ea00000, 0x000000074ec00000|  0%| F|  |TAMS 0x000000074ea00000, 0x000000074ea00000| Untracked 
|  93|0x000000074ec00000, 0x000000074edcbfe0, 0x000000074ee00000| 89%| E|  |TAMS 0x000000074ec00000, 0x000000074ec00000| Complete 
|  94|0x000000074ee00000, 0x000000074f000000, 0x000000074f000000|100%| E|CS|TAMS 0x000000074ee00000, 0x000000074ee00000| Complete 

Card table byte_map: [0x000001ed3dd00000,0x000001ed3e2f0000] _byte_map_base: 0x000001ed3a2e7000

Marking Bits (Prev, Next): (CMBitMap*) 0x000001ed26944540, (CMBitMap*) 0x000001ed26944580
 Prev Bits: [0x000001ed3e8e0000, 0x000001ed41818000)
 Next Bits: [0x000001ed41820000, 0x000001ed44758000)

Polling page: 0x000001ed260b0000

Metaspace:

Usage:
  Non-class:   1005.47 KB used.
      Class:    113.16 KB used.
       Both:      1.09 MB used.

Virtual space:
  Non-class space:        8.00 MB reserved,       1.06 MB ( 13%) committed,  1 nodes.
      Class space:        1.00 GB reserved,     192.00 KB ( <1%) committed,  1 nodes.
             Both:        1.01 GB reserved,       1.25 MB ( <1%) committed. 

Chunk freelists:
   Non-Class:  3.73 MB
       Class:  3.70 MB
        Both:  7.44 MB

MaxMetaspaceSize: unlimited
CompressedClassSpaceSize: 1.00 GB
Initial GC threshold: 21.00 MB
Current GC threshold: 21.00 MB
CDS: on
MetaspaceReclaimPolicy: balanced
 - commit_granule_bytes: 65536.
 - commit_granule_words: 8192.
 - virtual_space_node_default_size: 1048576.
 - enlarge_chunks_in_place: 1.
 - new_chunks_are_fully_committed: 0.
 - uncommit_free_chunks: 1.
 - use_allocation_guard: 0.
 - handle_deallocations: 1.


Internal statistics:

num_allocs_failed_limit: 0.
num_arena_births: 8.
num_arena_deaths: 0.
num_vsnodes_births: 2.
num_vsnodes_deaths: 0.
num_space_committed: 20.
num_space_uncommitted: 0.
num_chunks_returned_to_freelist: 0.
num_chunks_taken_from_freelist: 30.
num_chunk_merges: 0.
num_chunk_splits: 13.
num_chunks_enlarged: 11.
num_purges: 0.
num_inconsistent_stats: 0.

CodeHeap 'non-profiled nmethods': size=120000Kb used=75Kb max_used=75Kb free=119924Kb
 bounds [0x000001ed35ea0000, 0x000001ed36110000, 0x000001ed3d3d0000]
CodeHeap 'profiled nmethods': size=120000Kb used=357Kb max_used=357Kb free=119642Kb
 bounds [0x000001ed2e970000, 0x000001ed2ebe0000, 0x000001ed35ea0000]
CodeHeap 'non-nmethods': size=5760Kb used=1126Kb max_used=1139Kb free=4633Kb
 bounds [0x000001ed2e3d0000, 0x000001ed2e640000, 0x000001ed2e970000]
 total_blobs=669 nmethods=275 adapters=307
 compilation: enabled
              stopped_count=0, restarted_count=0
 full_count=0

Compilation events (20 events):
Event: 0.128 Thread 0x000001ed471b9970 nmethod 255 0x000001ed35eb1690 code [0x000001ed35eb1800, 0x000001ed35eb19b8]
Event: 0.129 Thread 0x000001ed471be380  261       3       java.util.zip.Inflater::ensureOpen (47 bytes)
Event: 0.129 Thread 0x000001ed471be380 nmethod 261 0x000001ed2e9c3490 code [0x000001ed2e9c3640, 0x000001ed2e9c38a8]
Event: 0.133 Thread 0x000001ed471be380  263       3       sun.net.www.ParseUtil::firstEncodeIndex (86 bytes)
Event: 0.133 Thread 0x000001ed471b9970  264 %     4       java.lang.StringLatin1::indexOfChar @ 7 (33 bytes)
Event: 0.133 Thread 0x000001ed471be380 nmethod 263 0x000001ed2e9c3990 code [0x000001ed2e9c3be0, 0x000001ed2e9c45c8]
Event: 0.133 Thread 0x000001ed471be380  262   !   3       java.util.zip.ZipFile$Source::getEntryPos (173 bytes)
Event: 0.134 Thread 0x000001ed471be380 nmethod 262 0x000001ed2e9c4990 code [0x000001ed2e9c4c80, 0x000001ed2e9c5d48]
Event: 0.134 Thread 0x000001ed471be380  265   !   3       jdk.internal.loader.URLClassPath$JarLoader::ensureOpen (36 bytes)
Event: 0.135 Thread 0x000001ed471be380 nmethod 265 0x000001ed2e9c6790 code [0x000001ed2e9c6980, 0x000001ed2e9c70c8]
Event: 0.135 Thread 0x000001ed471be380  266       3       java.util.zip.ZipUtils::CENEXT (9 bytes)
Event: 0.135 Thread 0x000001ed471be380 nmethod 266 0x000001ed2e9c7310 code [0x000001ed2e9c74a0, 0x000001ed2e9c7658]
Event: 0.135 Thread 0x000001ed471be380  267       3       java.util.zip.ZipUtils::CENCOM (9 bytes)
Event: 0.135 Thread 0x000001ed471be380 nmethod 267 0x000001ed2e9c7790 code [0x000001ed2e9c7920, 0x000001ed2e9c7ad8]
Event: 0.136 Thread 0x000001ed471b9970 nmethod 264% 0x000001ed35eb1a90 code [0x000001ed35eb1c20, 0x000001ed35eb1df8]
Event: 0.136 Thread 0x000001ed471b9970  268       4       java.util.concurrent.ConcurrentHashMap::tabAt (22 bytes)
Event: 0.136 Thread 0x000001ed471b9970 nmethod 268 0x000001ed35eb1f10 code [0x000001ed35eb2080, 0x000001ed35eb20f8]
Event: 0.136 Thread 0x000001ed471be380  270   !   3       jdk.internal.loader.URLClassPath$JarLoader::getResource (65 bytes)
Event: 0.136 Thread 0x000001ed471b9970  272       4       java.lang.Object::<init> (1 bytes)
Event: 0.137 Thread 0x000001ed471be380 nmethod 270 0x000001ed2e9c7c10 code [0x000001ed2e9c7e60, 0x000001ed2e9c8808]

GC Heap History (0 events):
No events

Dll operation events (8 events):
Event: 0.005 Loaded shared library C:\Program Files\Eclipse Adoptium\jdk-17.0.5.8-hotspot\bin\java.dll
Event: 0.015 Loaded shared library C:\Program Files\Eclipse Adoptium\jdk-17.0.5.8-hotspot\bin\jsvml.dll
Event: 0.050 Loaded shared library C:\Program Files\Eclipse Adoptium\jdk-17.0.5.8-hotspot\bin\net.dll
Event: 0.052 Loaded shared library C:\Program Files\Eclipse Adoptium\jdk-17.0.5.8-hotspot\bin\nio.dll
Event: 0.055 Loaded shared library C:\Program Files\Eclipse Adoptium\jdk-17.0.5.8-hotspot\bin\zip.dll
Event: 0.066 Loaded shared library C:\Program Files\Eclipse Adoptium\jdk-17.0.5.8-hotspot\bin\verify.dll
Event: 0.070 Loaded shared library C:\Program Files\Eclipse Adoptium\jdk-17.0.5.8-hotspot\bin\jimage.dll
Event: 0.130 Loaded shared library C:\Users\aricv\.jssc\windows\jSSC-2.8_x86_64.dll

Deoptimization events (0 events):
No events

Classes unloaded (0 events):
No events

Classes redefined (0 events):
No events

Internal exceptions (1 events):
Event: 0.108 Thread 0x000001ed268e94b0 Exception <a 'java/lang/NoClassDefFoundError'{0x000000074ec99b40}: org/apache/log4j/Category> (0x000000074ec99b40) 
thrown [s\src\hotspot\share\classfile\systemDictionary.cpp, line 245]

VM Operations (4 events):
Event: 0.057 Executing VM operation: HandshakeAllThreads
Event: 0.057 Executing VM operation: HandshakeAllThreads done
Event: 0.133 Executing VM operation: HandshakeAllThreads
Event: 0.133 Executing VM operation: HandshakeAllThreads done

Events (20 events):
Event: 0.130 loading class java/util/Collections$SynchronizedList
Event: 0.130 loading class java/util/Collections$SynchronizedList done
Event: 0.130 loading class java/util/Collections$SynchronizedRandomAccessList done
Event: 0.130 loading class java/util/concurrent/atomic/AtomicBoolean
Event: 0.131 loading class java/util/concurrent/atomic/AtomicBoolean done
Event: 0.133 loading class java/util/concurrent/Executors
Event: 0.133 loading class java/util/concurrent/Executors done
Event: 0.133 loading class java/util/concurrent/Executors$FinalizableDelegatedExecutorService
Event: 0.133 loading class java/util/concurrent/Executors$DelegatedExecutorService
Event: 0.133 loading class java/util/concurrent/Executors$DelegatedExecutorService done
Event: 0.133 loading class java/util/concurrent/Executors$FinalizableDelegatedExecutorService done
Event: 0.133 loading class java/util/concurrent/ThreadPoolExecutor
Event: 0.134 loading class java/util/concurrent/ThreadPoolExecutor done
Event: 0.134 loading class java/util/concurrent/ThreadPoolExecutor$AbortPolicy
Event: 0.134 loading class java/util/concurrent/RejectedExecutionHandler
Event: 0.134 loading class java/util/concurrent/RejectedExecutionHandler done
Event: 0.134 loading class java/util/concurrent/ThreadPoolExecutor$AbortPolicy done
Event: 0.135 loading class java/util/concurrent/ArrayBlockingQueue
Event: 0.135 loading class java/util/concurrent/ArrayBlockingQueue done
Event: 0.136 Thread 0x000001ed47d9a810 Thread added: 0x000001ed47d9a810


Dynamic libraries:
0x00007ff710570000 - 0x00007ff71057e000 	C:\Program Files\Eclipse Adoptium\jdk-17.0.5.8-hotspot\bin\java.exe
0x00007ffb19bb0000 - 0x00007ffb19dc4000 	C:\WINDOWS\SYSTEM32\ntdll.dll
0x00007ffb18240000 - 0x00007ffb18303000 	C:\WINDOWS\System32\KERNEL32.DLL
0x00007ffb17620000 - 0x00007ffb179bc000 	C:\WINDOWS\System32\KERNELBASE.dll
0x00007ffb17090000 - 0x00007ffb171a1000 	C:\WINDOWS\System32\ucrtbase.dll
0x00007ffb0c380000 - 0x00007ffb0c399000 	C:\Program Files\Eclipse Adoptium\jdk-17.0.5.8-hotspot\bin\VCRUNTIME140.dll
0x00007ffb00460000 - 0x00007ffb00477000 	C:\Program Files\Eclipse Adoptium\jdk-17.0.5.8-hotspot\bin\jli.dll
0x00007ffb199c0000 - 0x00007ffb19b6d000 	C:\WINDOWS\System32\USER32.dll
0x00007ffb029c0000 - 0x00007ffb02c4e000 	C:\WINDOWS\WinSxS\amd64_microsoft.windows.common-controls_6595b64144ccf1df_6.0.22621.608_none_a9444ca7c10bb01d\COMCTL32.dll
0x00007ffb17360000 - 0x00007ffb17386000 	C:\WINDOWS\System32\win32u.dll
0x00007ffb18180000 - 0x00007ffb18227000 	C:\WINDOWS\System32\msvcrt.dll
0x00007ffb18cf0000 - 0x00007ffb18d19000 	C:\WINDOWS\System32\GDI32.dll
0x00007ffb17390000 - 0x00007ffb174a2000 	C:\WINDOWS\System32\gdi32full.dll
0x00007ffb16ff0000 - 0x00007ffb1708a000 	C:\WINDOWS\System32\msvcp_win.dll
0x00007ffb17f90000 - 0x00007ffb17fc2000 	C:\WINDOWS\System32\IMM32.DLL
0x00007ffb02230000 - 0x00007ffb0223c000 	C:\Program Files\Eclipse Adoptium\jdk-17.0.5.8-hotspot\bin\vcruntime140_1.dll
0x00007ffac03d0000 - 0x00007ffac0461000 	C:\Program Files\Eclipse Adoptium\jdk-17.0.5.8-hotspot\bin\msvcp140.dll
0x00007ffa935f0000 - 0x00007ffa94234000 	C:\Program Files\Eclipse Adoptium\jdk-17.0.5.8-hotspot\bin\server\jvm.dll
0x00007ffb17b10000 - 0x00007ffb17bbe000 	C:\WINDOWS\System32\ADVAPI32.dll
0x00007ffb18d20000 - 0x00007ffb18dc4000 	C:\WINDOWS\System32\sechost.dll
0x00007ffb17e70000 - 0x00007ffb17f85000 	C:\WINDOWS\System32\RPCRT4.dll
0x00007ffb0f790000 - 0x00007ffb0f7c4000 	C:\WINDOWS\SYSTEM32\WINMM.dll
0x00007ffb07830000 - 0x00007ffb0783a000 	C:\WINDOWS\SYSTEM32\VERSION.dll
0x00007ffaf7280000 - 0x00007ffaf7289000 	C:\WINDOWS\SYSTEM32\WSOCK32.dll
0x00007ffb179c0000 - 0x00007ffb17a31000 	C:\WINDOWS\System32\WS2_32.dll
0x00007ffb16130000 - 0x00007ffb16148000 	C:\WINDOWS\SYSTEM32\kernel.appcore.dll
0x00007ffafe470000 - 0x00007ffafe47a000 	C:\Program Files\Eclipse Adoptium\jdk-17.0.5.8-hotspot\bin\jimage.dll
0x00007ffb14650000 - 0x00007ffb1487e000 	C:\WINDOWS\SYSTEM32\DBGHELP.DLL
0x00007ffb18e30000 - 0x00007ffb191ba000 	C:\WINDOWS\System32\combase.dll
0x00007ffb18bf0000 - 0x00007ffb18cc7000 	C:\WINDOWS\System32\OLEAUT32.dll
0x00007ffaf3820000 - 0x00007ffaf3852000 	C:\WINDOWS\SYSTEM32\dbgcore.DLL
0x00007ffb17270000 - 0x00007ffb172eb000 	C:\WINDOWS\System32\bcryptPrimitives.dll
0x00007ffaf8090000 - 0x00007ffaf80b5000 	C:\Program Files\Eclipse Adoptium\jdk-17.0.5.8-hotspot\bin\java.dll
0x00007ffabff00000 - 0x00007ffabffd6000 	C:\Program Files\Eclipse Adoptium\jdk-17.0.5.8-hotspot\bin\jsvml.dll
0x00007ffb191c0000 - 0x00007ffb199af000 	C:\WINDOWS\System32\SHELL32.dll
0x00007ffb14fd0000 - 0x00007ffb15898000 	C:\WINDOWS\SYSTEM32\windows.storage.dll
0x00007ffb14e90000 - 0x00007ffb14fce000 	C:\WINDOWS\SYSTEM32\wintypes.dll
0x00007ffb17fd0000 - 0x00007ffb180c1000 	C:\WINDOWS\System32\SHCORE.dll
0x00007ffb18120000 - 0x00007ffb1817e000 	C:\WINDOWS\System32\shlwapi.dll
0x00007ffb16f20000 - 0x00007ffb16f41000 	C:\WINDOWS\SYSTEM32\profapi.dll
0x00007ffaf6250000 - 0x00007ffaf6269000 	C:\Program Files\Eclipse Adoptium\jdk-17.0.5.8-hotspot\bin\net.dll
0x00007ffb11a30000 - 0x00007ffb11b5f000 	C:\WINDOWS\SYSTEM32\WINHTTP.dll
0x00007ffb165a0000 - 0x00007ffb16609000 	C:\WINDOWS\system32\mswsock.dll
0x00007ffaf4350000 - 0x00007ffaf4365000 	C:\Program Files\Eclipse Adoptium\jdk-17.0.5.8-hotspot\bin\nio.dll
0x00007ffaefcd0000 - 0x00007ffaefce8000 	C:\Program Files\Eclipse Adoptium\jdk-17.0.5.8-hotspot\bin\zip.dll
0x00007ffafe460000 - 0x00007ffafe470000 	C:\Program Files\Eclipse Adoptium\jdk-17.0.5.8-hotspot\bin\verify.dll
0x0000000071100000 - 0x0000000071125000 	C:\Users\aricv\.jssc\windows\jSSC-2.8_x86_64.dll

dbghelp: loaded successfully - version: 4.0.5 - missing functions: none
symbol engine: initialized successfully - sym options: 0x614 - pdb path: .;C:\Program Files\Eclipse Adoptium\jdk-17.0.5.8-hotspot\bin;C:\WINDOWS\SYSTEM32;C:\WINDOWS\WinSxS\amd64_microsoft.windows.common-controls_6595b64144ccf1df_6.0.22621.608_none_a9444ca7c10bb01d;C:\Program Files\Eclipse Adoptium\jdk-17.0.5.8-hotspot\bin\server;C:\Users\aricv\.jssc\windows

VM Arguments:
jvm_args: -XX:+ShowCodeDetailsInExceptionMessages 
java_command: com.option16.App
java_class_path (initial): C:\Users\aricv\Desktop\FirmataTemplate\main\target\classes;C:\Users\aricv\.m2\repository\org\slf4j\slf4j-jcl\1.7.36\slf4j-jcl-1.7.36.jar;C:\Users\aricv\.m2\repository\org\slf4j\slf4j-api\1.7.36\slf4j-api-1.7.36.jar;C:\Users\aricv\.m2\repository\commons-logging\commons-logging\1.1.1\commons-logging-1.1.1.jar;C:\Users\aricv\.m2\repository\com\github\kurbatov\firmata4j\2.3.8\firmata4j-2.3.8.jar;C:\Users\aricv\.m2\repository\org\scream3r\jssc\2.8.0\jssc-2.8.0.jar;C:\Users\aricv\.m2\repository\io\github\java-native\jssc\2.9.4\jssc-2.9.4.jar;C:\Users\aricv\.m2\repository\org\scijava\native-lib-loader\2.3.6\native-lib-loader-2.3.6.jar
Launcher Type: SUN_STANDARD

[Global flags]
     intx CICompilerCount                          = 4                                         {product} {ergonomic}
     uint ConcGCThreads                            = 2                                         {product} {ergonomic}
     uint G1ConcRefinementThreads                  = 8                                         {product} {ergonomic}
   size_t G1HeapRegionSize                         = 2097152                                   {product} {ergonomic}
    uintx GCDrainStackTargetSize                   = 64                                        {product} {ergonomic}
   size_t InitialHeapSize                          = 199229440                                 {product} {ergonomic}
   size_t MarkStackSize                            = 4194304                                   {product} {ergonomic}
   size_t MaxHeapSize                              = 3168796672                                {product} {ergonomic}
   size_t MaxNewSize                               = 1900019712                                {product} {ergonomic}
   size_t MinHeapDeltaBytes                        = 2097152                                   {product} {ergonomic}
   size_t MinHeapSize                              = 8388608                                   {product} {ergonomic}
    uintx NonNMethodCodeHeapSize                   = 5839372                                {pd product} {ergonomic}
    uintx NonProfiledCodeHeapSize                  = 122909434                              {pd product} {ergonomic}
    uintx ProfiledCodeHeapSize                     = 122909434                              {pd product} {ergonomic}
    uintx ReservedCodeCacheSize                    = 251658240                              {pd product} {ergonomic}
     bool SegmentedCodeCache                       = true                                      {product} {ergonomic}
     bool ShowCodeDetailsInExceptionMessages       = true                                   {manageable} {command line}
   size_t SoftMaxHeapSize                          = 3168796672                             {manageable} {ergonomic}
     bool UseCompressedClassPointers               = true                           {product lp64_product} {ergonomic}
     bool UseCompressedOops                        = true                           {product lp64_product} {ergonomic}
     bool UseG1GC                                  = true                                      {product} {ergonomic}
     bool UseLargePagesIndividualAllocation        = false                                  {pd product} {ergonomic}

Logging:
Log output configuration:
 #0: stdout all=warning uptime,level,tags
 #1: stderr all=off uptime,level,tags

Environment Variables:
JAVA_HOME=C:\Program Files\Eclipse Adoptium\jdk-17.0.5.8-hotspot\
PATH=C:\Program Files\National Instruments\Shared\OpenVINO\;C:\Program Files\Eclipse Adoptium\jdk-17.0.5.8-hotspot\bin;C:\WINDOWS\system32;C:\WINDOWS;C:\WINDOWS\System32\Wbem;C:\WINDOWS\System32\WindowsPowerShell\v1.0\;C:\WINDOWS\System32\OpenSSH\;C:\ProgramData\chocolatey\bin;C:\Program Files\Go\bin;C:\Program Files\CMake\bin;C:\opencv\build\install\x64\mingw\bin;C:\opencv\build\bin;C:\Users\aricv\AppData\Local\Programs\Python\Python37\Scripts\;C:\Users\aricv\AppData\Local\Programs\Python\Python37\;C:\Users\aricv\AppData\Local\Microsoft\WindowsApps;C:\Users\aricv\AppData\Local\GitHubDesktop\bin;C:\Qt\Tools\mingw1120_64\bin\;C:\Users\aricv\AppData\Local\Programs\Microsoft VS Code\bin;C:\Windows\System32\;C:\Users\aricv\go\bin
USERNAME=Aric
LANG=en_US.UTF-8
OS=Windows_NT
PROCESSOR_IDENTIFIER=Intel64 Family 6 Model 140 Stepping 1, GenuineIntel
TMP=C:\Users\aricv\AppData\Local\Temp
TEMP=C:\Users\aricv\AppData\Local\Temp



---------------  S Y S T E M  ---------------

OS:
 Windows 11 , 64 bit Build 22621 (10.0.22621.1194)
OS uptime: 21 days 7:29 hours
Hyper-V role detected

CPU: total 8 (initial active 8) (4 cores per cpu, 2 threads per core) family 6 model 140 stepping 1 microcode 0x86, cx8, cmov, fxsr, ht, mmx, 3dnowpref, sse, sse2, sse3, ssse3, sse4.1, sse4.2, popcnt, lzcnt, tsc, tscinvbit, avx, avx2, aes, erms, clmul, bmi1, bmi2, adx, avx512f, avx512dq, avx512cd, avx512bw, avx512vl, sha, fma, vzeroupper, avx512_vpopcntdq, avx512_vpclmulqdq, avx512_vaes, avx512_vnni, clflush, clflushopt, clwb, avx512_vbmi2, avx512_vbmi, hv

Memory: 4k page, system-wide physical 12087M (3329M free)
TotalPageFile size 14647M (AvailPageFile size 2586M)
current process WorkingSet (physical memory assigned to process): 36M, peak: 36M
current process commit charge ("private bytes"): 276M, peak: 276M

vm_info: OpenJDK 64-Bit Server VM (17.0.5+8) for windows-amd64 JRE (17.0.5+8), built on Oct 19 2022 04:48:13 by "temurin" with MS VC++ 16.7 (VS2019)

END.
